============================= test session starts =============================
platform win32 -- Python 3.14.5, pytest-9.0.3, pluggy-1.6.0
rootdir: e:\Reranker\reranker
plugins: anyio-4.13.0
collected 68 items

tests\test_datasets_schema.py ........ss.                                [ 16%]
tests\test_lastfm1k_track.py .......                                     [ 26%]
tests\test_llm_adapters_smoke.py F...FF.                                 [ 36%]
tests\test_llm_cache.py ........                                         [ 48%]
tests\test_metrics.py .......FF.                                         [ 63%]
tests\test_popularity_regression.py ....                                 [ 69%]
tests\test_prompt_builder.py .......                                     [ 79%]
tests\test_rerank_regression.py ss                                       [ 82%]
tests\test_stats.py ............                                         [100%]

================================== FAILURES ===================================
_________________________ test_openai_adapter_success _________________________
tests\test_llm_adapters_smoke.py:70: in test_openai_adapter_success
    fake_client = _FakeOpenAIClient(_FakeOpenAIResponse("hello world"))
                                    ^^^^^^^^^^^^^^^^^^^^^^^^^^^^^^^^^^
tests\test_llm_adapters_smoke.py:39: in __init__
    self.choices = [_FakeOpenAIChoice(text)]
                    ^^^^^^^^^^^^^^^^^^^^^^^
tests\test_llm_adapters_smoke.py:32: in __init__
    self.message = mock.SimpleNamespace(content=text)
                   ^^^^^^^^^^^^^^^^^^^^
E   AttributeError: module 'unittest.mock' has no attribute 'SimpleNamespace'
_________________________ test_factory_infers_openai __________________________
tests\test_llm_adapters_smoke.py:148: in test_factory_infers_openai
    adapter = build_adapter(model="gpt-4.1-mini")
              ^^^^^^^^^^^^^^^^^^^^^^^^^^^^^^^^^^^
src\llm_adapters\factory.py:69: in build_adapter
    return OpenAIAdapter(**common)
           ^^^^^^^^^^^^^^^^^^^^^^^
src\llm_adapters\openai_adapter.py:65: in __init__
    self._client = OpenAI(**client_kwargs)
                   ^^^^^^^^^^^^^^^^^^^^^^^
tests\test_llm_adapters_smoke.py:147: in <lambda>
    monkeypatch.setattr(oa, "OpenAI", lambda **kw: _FakeOpenAIClient(_FakeOpenAIResponse()))
                                                                     ^^^^^^^^^^^^^^^^^^^^^
tests\test_llm_adapters_smoke.py:39: in __init__
    self.choices = [_FakeOpenAIChoice(text)]
                    ^^^^^^^^^^^^^^^^^^^^^^^
tests\test_llm_adapters_smoke.py:32: in __init__
    self.message = mock.SimpleNamespace(content=text)
                   ^^^^^^^^^^^^^^^^^^^^
E   AttributeError: module 'unittest.mock' has no attribute 'SimpleNamespace'
___________________ test_factory_routes_qwen_to_siliconflow ___________________
tests\test_llm_adapters_smoke.py:158: in test_factory_routes_qwen_to_siliconflow
    adapter = build_adapter(model="Qwen/Qwen2.5-72B-Instruct")
              ^^^^^^^^^^^^^^^^^^^^^^^^^^^^^^^^^^^^^^^^^^^^^^^^
src\llm_adapters\factory.py:77: in build_adapter
    return TogetherAdapter(**common)
           ^^^^^^^^^^^^^^^^^^^^^^^^^
src\llm_adapters\together_adapter.py:40: in __init__
    super().__init__(
src\llm_adapters\openai_adapter.py:65: in __init__
    self._client = OpenAI(**client_kwargs)
                   ^^^^^^^^^^^^^^^^^^^^^^^
tests\test_llm_adapters_smoke.py:157: in <lambda>
    monkeypatch.setattr(oa, "OpenAI", lambda **kw: _FakeOpenAIClient(_FakeOpenAIResponse()))
                                                                     ^^^^^^^^^^^^^^^^^^^^^
tests\test_llm_adapters_smoke.py:39: in __init__
    self.choices = [_FakeOpenAIChoice(text)]
                    ^^^^^^^^^^^^^^^^^^^^^^^
tests\test_llm_adapters_smoke.py:32: in __init__
    self.message = mock.SimpleNamespace(content=text)
                   ^^^^^^^^^^^^^^^^^^^^
E   AttributeError: module 'unittest.mock' has no attribute 'SimpleNamespace'
__________________ test_unpopularity_score_picks_unpop_hits ___________________
tests\test_metrics.py:79: in test_unpopularity_score_picks_unpop_hits
    assert out["total_score"] == pytest.approx(10.0)
E   assert 5.0 == 10.0 ± 1.0e-05
E     
E     comparison failed
E     Obtained: 5.0
E     Expected: 10.0 ± 1.0e-05
_____________________ test_unpopularity_score_rank_bonus ______________________
tests\test_metrics.py:93: in test_unpopularity_score_rank_bonus
    assert out["total_score"] == pytest.approx(20.0)
E   assert 10.0 == 20.0 ± 2.0e-05
E     
E     comparison failed
E     Obtained: 10.0
E     Expected: 20.0 ± 2.0e-05
============================== warnings summary ===============================
tests/test_stats.py::test_paired_t_test_smoke
  C:\Users\ganzhuoxiong\AppData\Roaming\Python\Python314\site-packages\scipy\stats\_axis_nan_policy.py:430: RuntimeWarning: Precision loss occurred in moment calculation due to catastrophic cancellation. This occurs when the data are nearly identical. Results may be unreliable.
    return hypotest_fun_in(*args, **kwds)

-- Docs: https://docs.pytest.org/en/stable/how-to/capture-warnings.html
=========================== short test summary info ===========================
FAILED tests/test_llm_adapters_smoke.py::test_openai_adapter_success - Attrib...
FAILED tests/test_llm_adapters_smoke.py::test_factory_infers_openai - Attribu...
FAILED tests/test_llm_adapters_smoke.py::test_factory_routes_qwen_to_siliconflow
FAILED tests/test_metrics.py::test_unpopularity_score_picks_unpop_hits - asse...
FAILED tests/test_metrics.py::test_unpopularity_score_rank_bonus - assert 10....
======= 5 failed, 59 passed, 4 skipped, 1 warning in 226.01s (0:03:46) ========
